<?xml version="1.0" encoding="UTF-8"?>
<!-- Generated by org.testng.reporters.JUnitReportReporter -->
<testsuite skipped="0" hostname="Hitesh-PC" name="com.codinground.tests.FlightBookingTest" tests="1" failures="0" timestamp="13 Aug 2019 06:23:48 GMT" time="22.114" errors="0">
  <testcase name="testThatResultsAppearForAOneWayJourney" time="22.114" classname="com.codinground.tests.FlightBookingTest"/>
</testsuite> <!-- com.codinground.tests.FlightBookingTest -->
