<?xml version="1.0" encoding="UTF-8"?>
<!-- Generated by org.testng.reporters.JUnitReportReporter -->
<testsuite skipped="0" hostname="Hitesh-PC" name="com.codinground.tests.SignInTest" tests="1" failures="0" timestamp="13 Aug 2019 06:23:48 GMT" time="7.995" errors="0">
  <testcase name="shouldThrowAnErrorIfSignInDetailsAreMissing" time="7.995" classname="com.codinground.tests.SignInTest"/>
</testsuite> <!-- com.codinground.tests.SignInTest -->
