<?xml version="1.0" encoding="UTF-8"?>
<!-- Generated by org.testng.reporters.JUnitReportReporter -->
<testsuite skipped="0" hostname="Hitesh-PC" name="com.codinground.tests.HotelBookingTest" tests="1" failures="0" timestamp="13 Aug 2019 06:23:48 GMT" time="25.871" errors="0">
  <testcase name="shouldBeAbleToSearchForHotels" time="25.871" classname="com.codinground.tests.HotelBookingTest"/>
</testsuite> <!-- com.codinground.tests.HotelBookingTest -->
